<?xml version="1.0" encoding="UTF-8"?>
<testsuite name="QueryTests" tests="4" skipped="0" failures="0" errors="0" timestamp="2021-08-12T13:48:17" hostname="LAPTOP-10IGG2JI" time="0.383">
  <properties/>
  <testcase name="longestNameTest()" classname="QueryTests" time="0.129"/>
  <testcase name="oldestTest()" classname="QueryTests" time="0.056"/>
  <testcase name="groupByCountryTest()" classname="QueryTests" time="0.047"/>
  <testcase name="groupByAgeRangeTest()" classname="QueryTests" time="0.148"/>
  <system-out><![CDATA[]]></system-out>
  <system-err><![CDATA[SLF4J: Failed to load class "org.slf4j.impl.StaticLoggerBinder".
SLF4J: Defaulting to no-operation (NOP) logger implementation
SLF4J: See http://www.slf4j.org/codes.html#StaticLoggerBinder for further details.
]]></system-err>
</testsuite>
