<?xml version="1.0" encoding="UTF-8"?>
<testsuite name="GeneratePersonTests" tests="1" skipped="0" failures="0" errors="0" timestamp="2021-08-12T13:48:15" hostname="LAPTOP-10IGG2JI" time="0.028">
  <properties/>
  <testcase name="generationTest()" classname="GeneratePersonTests" time="0.028"/>
  <system-out><![CDATA[]]></system-out>
  <system-err><![CDATA[]]></system-err>
</testsuite>
